(base) E:\cloudstation\Dropbox\NYU CDS\DS-GA 1011 NLP\NLP-Final-Project>python train_run.py --batch_size 32 --print_iter 1000 --single_direction --learning_rate 0.25
Loading data from  data/iwslt-vi-en/train.tok.vi ... 133317 sentences with 2682471 words
Created vocab for  vi of 42153 words
Loading data from  data/iwslt-vi-en/dev.tok.vi ... 1268 sentences with 27470 words
Loading data from  data/iwslt-vi-en/test.tok.vi ... 1553 sentences with 27665 words
Loading data from  data/iwslt-vi-en/train.tok.en ... 133317 sentences with 2706404 words
Created vocab for  en of 45000 words
Loading data from  data/iwslt-vi-en/dev.tok.en ... 1268 sentences with 26728 words
Loading data from  data/iwslt-vi-en/test.tok.en ... 1553 sentences with 27983 words
vi index check
['Mà', 'không', 'hề', 'biết', 'rằng', 'có', 'những', 'nói', 'như', 'Namibia', 'tôi', 'chẳng', 'hề', 'biết', '.']
['Mà', 'không', 'hề', 'biết', 'rằng', 'có', 'những', 'nói', 'như', 'Namibia', 'tôi', 'chẳng', 'hề', 'biết', '.', '<EOS>']
en index check
['It', 'was', 'boring', '.']
['It', 'was', 'boring', '.', '<EOS>']

['<PAD>', '<SOS>', '<EOS>', '<UNK>', ',', '.', 'the', 'to', 'of', 'and']
Max Vocab Size: 45000 , Max Sentence Length 50
Running on  cuda
Using model types: rnn / rnn
saving in: models\vi\rnn-rnn
Layers: 2 unidirectional
Hidden Size: 512 , Embd Dim: 512

Begin Training!
epoch 0 : 6m 49s (- 21m 36s) (1000 23%) Loss: 6.6058
epoch 0 : 13m 37s (- 14m 46s) (2000 47%) Loss: 5.8857
epoch 0 : 22m 2s (- 8m 34s) (3000 71%) Loss: 5.6137
epoch 0 : 31m 13s (- 1m 18s) (4000 95%) Loss: 5.4433
epoch 0 : 32m 21s (- 0m 0s) (4166 99%) Loss: 5.3906
Computing VAL
Val loss: 5.791188716888428
tw:" So that &apos;s what we did here . You see where we were making the test road , and then of course this road will last several years without any damage . That &apos;s what we know from practice . <EOS> "
ow:" So that &apos;s &apos;s a that &apos;s , , , , , , , , , , , , , , , , , , , , , , , , , , , , , , , , , to . . . . . <EOS> "
tw:" All this is possible with your mobile phone . <EOS> "
ow:" The &apos;s is that you you you you you . . . <EOS> "
tw:" It &apos;s about understanding our neighbors in new and enlightening ways . <EOS> "
ow:" It &apos;s a a of the the the the the the . . . . . <EOS> "
tw:" I see wheelchairs bought and sold like used cars . <EOS> "
ow:" I was a a the in the . . . . <EOS> "
tw:" Instead , everything we touched we killed . <EOS> "
ow:" But in the , , , , , , we , . . . . <EOS> "
tw:" I was helping clean the <UNK> , the communal <UNK> , the huge giant <UNK> . <EOS> "
ow:" I was a , , , , , the . . . . <EOS> "
tw:" I would like to conclude by reading an email I got from one of them , Cindy , the day I finally got back from Japan after six months . <EOS> "
ow:" I I , to , , , , , , , , , , , , , , , , , , , , , , , , , . . . <EOS> "
Val Blue: 0.014757654050714246
epoch 1 : 39m 58s (- 126m 36s) (1000 23%) Loss: 5.2252
epoch 1 : 46m 45s (- 50m 39s) (2000 47%) Loss: 5.1317
epoch 1 : 53m 32s (- 20m 49s) (3000 71%) Loss: 5.0619
epoch 1 : 60m 19s (- 2m 31s) (4000 95%) Loss: 4.9424
epoch 1 : 61m 27s (- 0m 0s) (4166 99%) Loss: 4.8409
Computing VAL
Val loss: 5.422414171695709
tw:" He had these big cheeks , these big apple cheeks and this <UNK> hair , and he seemed so sweet . <EOS> "
ow:" He &apos;s got a of , and and and the and , and , and , and , and , and and . and . and . . . . <EOS> "
tw:" And with a mobile phone , you can record a song , load it up to <UNK> and become famous . <EOS> "
ow:" And you have a a a a , , you , , and it and . . . . <EOS> "
tw:" And she describes to me the feeling she felt as a five-year-old standing in that exact spot . <EOS> "
ow:" She told me that when I was , , , , , , , , . . . <EOS> "
tw:" If some of the women were really horrified when I came out , you don &apos;t have to tell me now , but I &apos;ll find out later on Twitter . <EOS> "
ow:" If people feel a lot of people , if you &apos;re a , , , , , , , , , , , , . . . <EOS> "
tw:" So I didn &apos;t give up . I continued . <EOS> "
ow:" But I don &apos;t know . . I . . . . <EOS> "
Val Blue: 0.03127184649536327
epoch 2 : 69m 3s (- 218m 42s) (1000 23%) Loss: 4.8029
epoch 2 : 76m 14s (- 82m 36s) (2000 47%) Loss: 4.7389
epoch 2 : 83m 0s (- 32m 17s) (3000 71%) Loss: 4.7200
epoch 2 : 89m 46s (- 3m 44s) (4000 95%) Loss: 4.6280
epoch 2 : 90m 53s (- 0m 1s) (4166 99%) Loss: 4.6306
Computing VAL
Val loss: 5.220009160041809
tw:" First you get one stone , then several more , and more and more and more and more , and then they -- well , I will not do that . <EOS> "
ow:" And of course , you have a , , , , , , , , , , , , , , , , , , , , , , , , , , , , , . . . . . . . . <EOS> "
tw:" So we took a lot of samples from this road and we tested them in the lab . <EOS> "
ow:" We &apos;ve been working in in from the and and and we we lab . . . <EOS> "
tw:" Because MPs do not keep the environment clean . <EOS> "
ow:" Because it doesn &apos;t not the . . . . <EOS> "
tw:" Who in the room has a mobile phone with you ? <EOS> "
ow:" Who are the in in ? ? ? <EOS> "
tw:" Jargon is a barrier to our understanding of your ideas . <EOS> "
ow:" The &apos;s we to to to . . . . <EOS> "
tw:" Thank you . <EOS> "
ow:" Thank you . <EOS> "
tw:" Can you imagine a community of 400,000 people , the intelligence and the passion ? <EOS> "
ow:" Can can be a a a , , , , , and and and <EOS> "
tw:" Government ? Forget about it ! <EOS> "
ow:" The ? ? ? ? ! <EOS> "
Val Blue: 0.04213748523446498
epoch 3 : 98m 35s (- 312m 15s) (1000 23%) Loss: 4.5122
epoch 3 : 105m 24s (- 114m 12s) (2000 47%) Loss: 4.4535
epoch 3 : 112m 11s (- 43m 38s) (3000 71%) Loss: 4.4669
epoch 3 : 118m 56s (- 4m 57s) (4000 95%) Loss: 4.4128
epoch 3 : 120m 3s (- 0m 1s) (4166 99%) Loss: 4.3231
Computing VAL
Val loss: 5.004147708415985
tw:" I &apos;ve been married for almost 20 years to my second husband and we have three kids together . <EOS> "
ow:" I was people two two two two and and and and and and , . . . . <EOS> "
tw:" Saying that you want to be a model when you grow up is akin to saying that you want to win the Powerball when you grow up . <EOS> "
ow:" Now , she wanted to say that she &apos;s a when she wanted to be a young time when she &apos;s going to be . . <EOS> "
tw:" Thanks so much . Max Little , everybody . <EOS> "
ow:" Thank you very much . . . . . . <EOS> "
tw:" You want to read the book , read &quot; Dead Aid , &quot; by Dambisa Moyo , Zambian woman economist . <EOS> "
ow:" You &apos;ll to read , , , , , , , &quot; , &quot; , , , , &quot; , , . . . . <EOS> "
tw:" When I met him , he had been working in the mines for 14 years , and the leg injury that you see here is actually from a mining accident , one so severe doctors say his leg should be amputated . <EOS> "
ow:" When I was met , I was sitting in and and and and the , , , , , , , , the , the a a a a a a a a a a . . . <EOS> "
Val Blue: 0.047860646111408535
epoch 4 : 127m 36s (- 404m 7s) (1000 23%) Loss: 4.2525
epoch 4 : 134m 21s (- 145m 34s) (2000 47%) Loss: 4.2580
epoch 4 : 141m 7s (- 54m 53s) (3000 71%) Loss: 4.2323
epoch 4 : 147m 52s (- 6m 10s) (4000 95%) Loss: 4.2630
epoch 4 : 148m 59s (- 0m 2s) (4166 99%) Loss: 4.2744
Computing VAL
Val loss: 4.905935454368591
tw:" It read , &quot; When you read this , all five family members will not exist in this world , because we haven &apos;t eaten for the past two weeks . <EOS> "
ow:" In this have : When , , first , , , , , , , , , , , , , , , , , , , , , , &apos;t &apos;t &apos;t . <EOS> "
tw:" All this is possible with this information . <EOS> "
ow:" All all this this information . <EOS> "
tw:" Thus we are told that &quot; My mercy takes precedence over my anger . &quot; <EOS> "
ow:" So we &apos;re taught ourselves &quot; We &apos;re the the of . . <EOS> "
tw:" I didn &apos;t know what to expect from this experiment , but by the next day , the wall was entirely filled out , and it kept growing . <EOS> "
ow:" I don &apos;t know what to to to from , , , , , , , , , , , , , , , , , , , and , . and . . . <EOS> "
tw:" Entrepreneurs never come , and they never tell you , in a public meeting , what they want to do with their own money , what opportunity they have identified . <EOS> "
ow:" The are &apos;t and and and they they , , , , , , , , , , , , , , to , to to to to to to to . . . <EOS> "
tw:" I couldn &apos;t give them money , nothing . <EOS> "
ow:" I don &apos;t give money money , . . <EOS> "
Val Blue: 0.057967999782871434
epoch 5 : 156m 31s (- 495m 42s) (1000 23%) Loss: 4.0958
epoch 5 : 163m 21s (- 176m 59s) (2000 47%) Loss: 4.0791
epoch 5 : 170m 14s (- 66m 13s) (3000 71%) Loss: 4.1169
epoch 5 : 177m 4s (- 7m 23s) (4000 95%) Loss: 4.0970
epoch 5 : 178m 12s (- 0m 2s) (4166 99%) Loss: 4.0831
Computing VAL
Val loss: 4.856211066246033
tw:" So then you have asphalt with very small pieces of steel wool in it . <EOS> "
ow:" So we have a with with with with . . . . <EOS> "
tw:" And on the C.D. , this was on . <EOS> "
ow:" And on the side of the , I I I to . . . . <EOS> "
tw:" It was more like a restaurant . <EOS> "
ow:" It &apos;s a restaurant . <EOS> "
Val Blue: 0.0616914858503723
epoch 6 : 185m 51s (- 588m 37s) (1000 23%) Loss: 3.9411
epoch 6 : 192m 39s (- 208m 45s) (2000 47%) Loss: 3.9623
epoch 6 : 199m 28s (- 77m 35s) (3000 71%) Loss: 3.9415
epoch 6 : 206m 16s (- 8m 36s) (4000 95%) Loss: 3.9743
epoch 6 : 207m 24s (- 0m 2s) (4166 99%) Loss: 3.9905
Computing VAL
Val loss: 4.8735192060470585
tw:" And he said that he needed those guns because of the trauma he &apos;d experienced as a young boy . <EOS> "
ow:" And he said that he had to because because because the because of in in day he in day as . . <EOS> "
tw:" These heels are very uncomfortable , so good thing I wasn &apos;t going to wear them . <EOS> "
ow:" And these are are not not , , , , , &apos;t I &apos;t to to to . <EOS> "
tw:" My soul is always <UNK> by the giant live oak trees , shading lovers , drunks and <UNK> for hundreds of years , and I trust a city that always makes way for music . <EOS> "
ow:" My body was always born by , , , , , , , , , , , , , , , , , , , I , I and I and I and I and and and the and the <EOS> "
tw:" That &apos;s double the amount of people taken from Africa during the entire <UNK> slave trade . <EOS> "
ow:" There &apos;s a number of people who were in the the the the the the the the the . <EOS> "
Val Blue: 0.06895492158138036
epoch 7 : 215m 1s (- 680m 59s) (1000 23%) Loss: 3.8456
epoch 7 : 221m 49s (- 240m 20s) (2000 47%) Loss: 3.8536
epoch 7 : 228m 39s (- 88m 56s) (3000 71%) Loss: 3.8492
epoch 7 : 235m 30s (- 9m 49s) (4000 95%) Loss: 3.8677
epoch 7 : 236m 37s (- 0m 3s) (4166 99%) Loss: 3.9201
Computing VAL
Val loss: 4.773458260297775
tw:" I was so surprised that a total stranger cared enough to ask . <EOS> "
ow:" I &apos;m quite surprised by a a a a that to to that to . . <EOS> "
tw:" He sat next to me on the New York City subway , and he started chatting me up . <EOS> "
ow:" He sat in the morning in the New York York , and and me me . . <EOS> "
tw:" Because today , state agencies and companies want to store as much information as they can get about us , online and offline . <EOS> "
ow:" Because , , , the and and and companies that to more to more we more we more to more and , and and and . <EOS> "
tw:" As you can see , the bulbs face outside , because that &apos;s where the lions come from . <EOS> "
ow:" And you see see because because the , , , it , &apos;s &apos;s it . <EOS> "
tw:" When these villagers claimed their freedom , the <UNK> burned down all of their houses . <EOS> "
ow:" When this woman came to , the , their their their <EOS> "
Val Blue: 0.05850183110505918
epoch 8 : 244m 14s (- 773m 31s) (1000 23%) Loss: 3.6494
epoch 8 : 251m 3s (- 272m 1s) (2000 47%) Loss: 3.6860
epoch 8 : 257m 53s (- 100m 19s) (3000 71%) Loss: 3.7876
epoch 8 : 264m 44s (- 11m 3s) (4000 95%) Loss: 3.7323
epoch 8 : 265m 51s (- 0m 3s) (4166 99%) Loss: 3.7979
Computing VAL
Val loss: 4.801822608709335
tw:" But nobody helped them , because they were so focused on taking care of themselves and their families . <EOS> "
ow:" But nobody had to help , because they all have to be and family family their family . <EOS> "
tw:" Talk about what you heard here . <EOS> "
ow:" Let &apos;s tell you you you you here . <EOS> "
tw:" And with a mobile phone , you can record a song , load it up to <UNK> and become famous . <EOS> "
ow:" And with a hand with a you you you you can it it it it and and and and and and . . . <EOS> "
tw:" Here &apos;s me on the same day as this shoot . <EOS> "
ow:" This is me I day when I was a in the <EOS> "
tw:" Many of them drown . <EOS> "
ow:" They &apos;re . . . <EOS> "
Val Blue: 0.07197826020824784
epoch 9 : 273m 27s (- 866m 3s) (1000 23%) Loss: 3.5970
epoch 9 : 280m 17s (- 303m 42s) (2000 47%) Loss: 3.6521
epoch 9 : 287m 8s (- 111m 41s) (3000 71%) Loss: 3.6772
epoch 9 : 293m 57s (- 12m 16s) (4000 95%) Loss: 3.6894
epoch 9 : 295m 5s (- 0m 4s) (4166 99%) Loss: 3.7491
Computing VAL
Val loss: 4.76065639257431
tw:" But the second answer , and what I really want to say to these little girls is , &quot; Why ? <EOS> "
ow:" But the only thing I &apos;d like to talk to you is , &quot; Why are ? &quot; &quot; &quot; &quot; &quot; &quot; <EOS> "
tw:" Peter <UNK> , one of the greatest management consultants in history , died age 96 , a few years ago . <EOS> "
ow:" A <UNK> , one of the of of the in the the , , , years , , , years ago years years ago <EOS> "
tw:" You have to learn how to get these people to come and talk to you . <EOS> "
ow:" You have to learn how to people people to to to to to to . . <EOS> "
tw:" Why ? Because they looked at the curve and said , if the population keeps growing at this rate , to move the population of New York around , they would have needed six million horses , and the manure created by six million horses would be impossible to deal with . <EOS> "
ow:" Well ? And they &apos;re looking at the And and And they they they and , , if if they , , they , in , to , in , to , to , , to , , percent , , , , , , , and and , and , , and and , and and , and and percent . , and and . <EOS> "
Val Blue: 0.06614441833605032
epoch 10 : 303m 33s (- 961m 21s) (1000 23%) Loss: 3.4951
epoch 10 : 310m 24s (- 336m 19s) (2000 47%) Loss: 3.5305
epoch 10 : 317m 13s (- 123m 23s) (3000 71%) Loss: 3.6187
epoch 10 : 324m 2s (- 13m 31s) (4000 95%) Loss: 3.6310
epoch 10 : 325m 10s (- 0m 4s) (4166 99%) Loss: 3.5999
Computing VAL
Val loss: 4.777420872449875
tw:" He has a selective one , though . <EOS> "
ow:" But it &apos;s also . <EOS> "
tw:" Sometimes you can create potholes with that . <EOS> "
ow:" Sometimes they get some illegal guns . <EOS> "
tw:" But you have to fight for your <UNK> today . <EOS> "
ow:" What you should do is to fight your passion to today . today . <EOS> "
tw:" It &apos;s out of your control , and it &apos;s awesome , and it &apos;s not a career path . <EOS> "
ow:" It &apos;s his control control , it it &apos;s , , it &apos;s not it &apos;s not a . . . . . . . <EOS> "
tw:" So this neglected space became a constructive one , and people &apos;s hopes and dreams made me laugh out loud , tear up , and they <UNK> me during my own tough times . <EOS> "
ow:" So this space is space , , , , , and and and and and and , and and and , and and , and and my my my my my . . my . . <EOS> "
tw:" So I grew up hating lions so much . <EOS> "
ow:" So I grew up with the . . <EOS> "
tw:" Peter <UNK> , one of the greatest management consultants in history , died age 96 , a few years ago . <EOS> "
ow:" Mark <UNK> , one of of greatest one of of of the the , , , , few years ago . . . . <EOS> "
Val Blue: 0.06141171929223349
epoch 11 : 332m 50s (- 1054m 6s) (1000 23%) Loss: 3.4248
epoch 11 : 339m 41s (- 368m 3s) (2000 47%) Loss: 3.4532
epoch 11 : 346m 59s (- 134m 58s) (3000 71%) Loss: 3.4827
epoch 11 : 354m 12s (- 14m 47s) (4000 95%) Loss: 3.5046
epoch 11 : 355m 20s (- 0m 5s) (4166 99%) Loss: 3.5019
Computing VAL
Val loss: 4.81136964559555
tw:" When he sings songs from our childhood , attempting words that not even I could remember , he reminds me of one thing : how little we know about the mind , and how wonderful the unknown must be . <EOS> "
ow:" When I heard my my my childhood , , , , , , , , , , , , , , , and we we and and how we we and and we and and and we we and and we we . we we . . . we . <EOS> "
tw:" It &apos;s not to say that our mothers aren &apos;t key in our success . <EOS> "
ow:" This is not the mother who are not in our success . . . <EOS> "
tw:" They have shown a great sense of solidarity from the far east to the far west to the south . <EOS> "
ow:" They showed this a whole sign of the from the to and and and and to to to . . <EOS> "
tw:" Five years ago , I experienced a bit of what it must have been like to be Alice in Wonderland . <EOS> "
ow:" Five years ago , I I a a a a like like Santa in . . <EOS> "
Val Blue: 0.07103443321246587
epoch 12 : 363m 9s (- 1150m 7s) (1000 23%) Loss: 3.3395
epoch 12 : 372m 26s (- 403m 32s) (2000 47%) Loss: 3.3718
epoch 12 : 379m 56s (- 147m 47s) (3000 71%) Loss: 3.4234
epoch 12 : 389m 13s (- 16m 15s) (4000 95%) Loss: 3.4622
epoch 12 : 390m 21s (- 0m 5s) (4166 99%) Loss: 3.4669
Computing VAL
Val loss: 4.761775720119476
tw:" After they finished questioning me , one official said to another , &quot; This was a false report . <EOS> "
ow:" And after the to , , one one the the the people , , is the was . . . . . <EOS> "
tw:" This was one of the lowest points in my life . <EOS> "
ow:" It was the moment of my life life life . <EOS> "
tw:" During Taliban years , I remember there were times I would get so frustrated by our life and always being scared and not seeing a future . <EOS> "
ow:" In the early days , I I I I I to to my my my and my my and , and and and and and . . . . <EOS> "
tw:" I want to share a few keys on how you can do that to make sure that we can see that your science is sexy and that your engineering is engaging . <EOS> "
ow:" I want to share some some of that to to to to that to that to , , , , , , , , , , , . . <EOS> "
tw:" After another two hours of hiking , the <UNK> trail abruptly ended at a clearing , and before us was a mass of holes that could fit into the size of a football field , and all of them were full of enslaved people laboring . <EOS> "
ow:" After two months of the , , , the the , the the and the and and we we were were the of the of , , , , , of , <EOS> "
Val Blue: 0.06813060482195435
epoch 13 : 402m 33s (- 1274m 52s) (1000 23%) Loss: 3.2817
epoch 13 : 410m 48s (- 445m 6s) (2000 47%) Loss: 3.3129
epoch 13 : 417m 49s (- 162m 32s) (3000 71%) Loss: 3.3659
epoch 13 : 424m 50s (- 17m 44s) (4000 95%) Loss: 3.4109
epoch 13 : 425m 57s (- 0m 6s) (4166 99%) Loss: 3.3710
Computing VAL
Val loss: 4.82015420794487
tw:" Other outcomes include long-term stalking , even after the <UNK> <UNK> ; denial of financial resources ; and manipulation of the family court system to terrify the victim and her children , who are regularly forced by family court judges to spend <UNK> time with the man who beat their mother . <EOS> "
ow:" But the other was more than than , , , , , , , , , and the the and the and the and the , and the , the and , and , , , , , , , , , , , , , , , , , , , , , , , , , , , , , , , . of . of . of . of . . of . . of . of . . of <EOS> "
tw:" And , my favorite is , vultures are better looking . <EOS> "
ow:" And what I I like is is is is much much . . <EOS> "
tw:" And I asked them once , and I asked them again , and I got no real answer . It was only blah blah answers . <EOS> "
ow:" I asked them to them them me to me and and , , , I I to to , , I , I was answer , was answer . . . . <EOS> "
tw:" I &apos;m always the one taking the picture . <EOS> "
ow:" I &apos;m always a . . <EOS> "
tw:" Thank you . <EOS> "
ow:" Thank you . <EOS> "
tw:" You &apos;d be surprised what the soil could do if you let it be your canvas . <EOS> "
ow:" You &apos;re be to what what what if if if you you you your your . . <EOS> "
tw:" On March 11 , 2011 , I watched from home , as the rest of the world did , as the tragic events unfolded in Japan . <EOS> "
ow:" In October of October , I was in the in the , , , saw saw beautiful in in in in <EOS> "
tw:" Astonishingly , slavery generates profits of more than $ 13 billion worldwide each year . <EOS> "
ow:" Sadly , the successful financial aid is and dollars dollars the the the the the the <EOS> "
tw:" This is <UNK> . When his father died , his uncle trafficked him to work with him in the mines . <EOS> "
ow:" This is his . He He father father died his , his his his his the . . . <EOS> "
Val Blue: 0.07230375833804445
epoch 14 : 433m 30s (- 1372m 56s) (1000 23%) Loss: 3.2196
epoch 14 : 440m 16s (- 477m 2s) (2000 47%) Loss: 3.2998
epoch 14 : 447m 2s (- 173m 54s) (3000 71%) Loss: 3.3523
epoch 14 : 453m 49s (- 18m 56s) (4000 95%) Loss: 3.3492
epoch 14 : 454m 57s (- 0m 6s) (4166 99%) Loss: 3.3111
Computing VAL
Val loss: 4.833057063817978
tw:" Because it &apos;s very hollow , all the noise will disappear , so it &apos;s a very silent road . <EOS> "
ow:" Because it &apos;s so , , all all all , , , , , . . <EOS> "
tw:" He kept one under the pillows on our bed , and the third one he kept in his pocket at all times . <EOS> "
ow:" He &apos;s in the the the the the , , , , the we in the in the the the . . . <EOS> "
tw:" Each day , we took a different route so that no one would suspect where we were going . <EOS> "
ow:" Every day , we &apos;re to different different people another the of of . . <EOS> "
tw:" So if the photographer is right there and the light is right there , like a nice <UNK> , and the client says , &quot; Cameron , we want a walking shot , &quot; well then this leg goes first , nice and long , this arm goes back , this arm goes forward , the head is at three quarters , and you just go back and forth , just do that , and then you look back at your imaginary friends , 300 , 400 , 500 times . <EOS> "
ow:" If you go to the like like like like like this , this , this , , , , , , , , , , , , &quot; , , &quot; &quot; , &quot; , , &quot; , , and , , , and , , , &quot; , , . . . <EOS> "
tw:" Since I was a small boy , I used to work in my room for the whole day , and I even took apart my mom &apos;s new radio , and that day she almost killed me , but I learned a lot about electronics . <EOS> "
ow:" From the time , I was , , , , , my my in , , and I I my I I I , , , , , , , I learned I I &apos;d &apos;d &apos;d . . . . . <EOS> "
tw:" The technologies do not exist to do that . <EOS> "
ow:" There is no technology . <EOS> "
tw:" I hear voices talking , but mostly the shaft is this cacophony of men coughing , and stone being broken with primitive tools . <EOS> "
ow:" I hear hear , but it &apos;s all of a sudden the and and and are are are are are . <EOS> "
Val Blue: 0.07512333907488584
epoch 15 : 462m 30s (- 1464m 47s) (1000 23%) Loss: 3.1756
epoch 15 : 469m 16s (- 508m 27s) (2000 47%) Loss: 3.2593
epoch 15 : 476m 1s (- 185m 10s) (3000 71%) Loss: 3.2696
epoch 15 : 482m 46s (- 20m 9s) (4000 95%) Loss: 3.3374
epoch 15 : 483m 53s (- 0m 6s) (4166 99%) Loss: 3.2876
Computing VAL
Val loss: 4.851715070009232
Epoch    15: reducing learning rate of group 0 to 2.5000e-02.
Epoch    15: reducing learning rate of group 0 to 2.5000e-02.
tw:" But one day , in 1995 , my mom brought home a letter from a coworker &apos;s sister . <EOS> "
ow:" But one year ago , , , mom came from mom mom came from a mom who was mom with her mom . <EOS> "
tw:" is code for some people for , &quot; It &apos;s her fault for staying , &quot; as if victims intentionally choose to fall in love with men intent upon destroying us . <EOS> "
ow:" It was the of of , , , her her , , &quot; , , , , as to to to to to us . . <EOS> "
tw:" Recent studies have shown that in areas where there are no vultures , carcasses take up to three to four times to decompose , and this has huge ramifications for the spread of diseases . <EOS> "
ow:" The studies in shown that the in of that that that not not not have to to to of of to which which which which and and the of and of of of of <EOS> "
tw:" <UNK> was the symbol of the protector and the motherhood , and together with the <UNK> , symbolized the unity between Upper and Lower Egypt . <EOS> "
ow:" <UNK> is a symbol of the and and and , , , , , , the the and ; ; the ; ; the the the &apos;s . the . <EOS> "
tw:" Each day , we took a different route so that no one would suspect where we were going . <EOS> "
ow:" Every day , we get away from the other side of the to to to our us <EOS> "
tw:" But then after a while I realized , this is my life . <EOS> "
ow:" But then I realized this was was my life my life . <EOS> "
tw:" The next question people always ask me is , &quot; Can I be a model when I grow up ? &quot; <EOS> "
ow:" The the question I &apos;m asked asked was was : : &quot; &quot; I you you you you grow you ? ? ? <EOS> "
tw:" I feel like every time someone <UNK> , New Orleans has a parade . <EOS> "
ow:" I felt like every day day day day , New a a a <EOS> "
tw:" Guess what ? <EOS> "
ow:" Well , guess what ? <EOS> "
tw:" I had only one way out : the stairs from where I &apos;d come in . <EOS> "
ow:" There is one side that I : I I I . <EOS> "
tw:" Recently , the New York Times reported that between 100,000 and 300,000 American children are sold into sex slavery every year . <EOS> "
ow:" But in the United States , there are that from America from America from to to to to from from from from <EOS> "
tw:" They mix dye in these big barrels , and they submerge the silk into the liquid up to their elbows , but the dye is toxic . <EOS> "
ow:" They put in in inside inside , , and it a in a , which a , which a very . . <EOS> "
Val Blue: 0.07175915853284395
epoch 16 : 491m 25s (- 1556m 21s) (1000 23%) Loss: 3.0705
epoch 16 : 498m 10s (- 539m 46s) (2000 47%) Loss: 2.9743
epoch 16 : 504m 55s (- 196m 24s) (3000 71%) Loss: 2.9808
epoch 16 : 511m 40s (- 21m 21s) (4000 95%) Loss: 2.9558
epoch 16 : 512m 47s (- 0m 7s) (4166 99%) Loss: 2.9882
Computing VAL
Val loss: 4.844049578905105
tw:" I &apos;ve been so lucky , received so much help and inspiration in my life , so I want to help give aspiring North Koreans a chance to prosper with international support . <EOS> "
ow:" I was fortunate fortunate to have been so fortunate and helped me and to help me , , , I I I to to to to to to to to to to to to to to to to . . . . <EOS> "
tw:" I didn &apos;t know he was abusing me . <EOS> "
ow:" I don &apos;t know where he was caught . <EOS> "
tw:" How can you help ? You can become active , make noise . You can write a letter to your government and tell them that we need to focus on these very misunderstood creatures . <UNK> your time to spread the word . Spread the word . <EOS> "
ow:" How do you make you help ? ? ? a call a a call , , &quot; and &quot; &quot; &quot; to and and and and we the to that to the the the the . . . &quot; &quot; &quot; . . . . . . . . . . . <EOS> "
tw:" This very focused time we get to spend together is something we cherish and anticipate the entire year . <EOS> "
ow:" And the time time we us us us is that is a something that and for and for . . . . <EOS> "
tw:" Now don &apos;t get me wrong . <EOS> "
ow:" Don &apos;t &apos;t make me wrong . <EOS> "
tw:" But I know electric fences are already invented , but I want to make mine . <EOS> "
ow:" She knew the the selling the selling my , , but but wanted wanted to to to to . . . <EOS> "
tw:" We &apos;ve done the research , and we have looked at the 100 iconic companies of the world -- Carnegie , <UNK> , Edison , Ford , all the new companies , Google , Yahoo . <EOS> "
ow:" So we did a study , and looked at the company at the National Institute , the National , , , , , , , , , , , , . . . <EOS> "
tw:" This was the very first . <EOS> "
ow:" This is the first one . <EOS> "
tw:" Thus began my journey into modern day slavery . <EOS> "
ow:" And the begins began to the modern modern modern . . <EOS> "
Val Blue: 0.0814206962154756
epoch 17 : 520m 21s (- 1647m 58s) (1000 23%) Loss: 2.9319
epoch 17 : 527m 6s (- 571m 7s) (2000 47%) Loss: 2.8573
epoch 17 : 533m 52s (- 207m 40s) (3000 71%) Loss: 2.9154
epoch 17 : 540m 37s (- 22m 34s) (4000 95%) Loss: 2.8762
epoch 17 : 541m 44s (- 0m 7s) (4166 99%) Loss: 2.9315
Computing VAL
Val loss: 4.855723375082016
tw:" You see , I was six when the Taliban took over Afghanistan and made it illegal for girls to go to school . <EOS> "
ow:" You know , the Taliban Taliban come to the the age age age age age and and and girls girls girls . <EOS> "
tw:" But you can see how your people are communicating with each other , what times they call each other , when they go to bed . <EOS> "
ow:" But you can see how we communicate with each other , we &apos;re getting them , they &apos;re they they they sleep <EOS> "
tw:" Thus we are told that &quot; My mercy <UNK> all things . &quot; <EOS> "
ow:" So we are taught ourselves &quot; Our spiritual selves . &quot; <EOS> "
tw:" You see , some people may not do it . They may not get through it . <EOS> "
ow:" You see , some people couldn &apos;t do . . They couldn &apos;t . . . . <EOS> "
tw:" Can you imagine a community of 400,000 people , the intelligence and the passion ? <EOS> "
ow:" Can Could a a be a a , , intelligence , and and and ? <EOS> "
tw:" It took her a week to find them all again and find out that they had all survived . <EOS> "
ow:" She was a week , , they found noticed , they they that they all survive . . <EOS> "
Val Blue: 0.08267865516392692
epoch 18 : 549m 17s (- 1739m 37s) (1000 23%) Loss: 2.8439
epoch 18 : 556m 2s (- 602m 28s) (2000 47%) Loss: 2.8265
epoch 18 : 562m 47s (- 218m 55s) (3000 71%) Loss: 2.8229
epoch 18 : 569m 33s (- 23m 46s) (4000 95%) Loss: 2.8545
epoch 18 : 570m 40s (- 0m 8s) (4166 99%) Loss: 2.7302
Computing VAL
Val loss: 4.90034031867981
tw:" So we did aging on the samples , did a lot of loading on it , healed them with our induction machine , and healed them and tested them again . <EOS> "
ow:" So we <UNK> so much , and in a lot of them , , , , , them , , , , , then then and and and and again again . <EOS> "
tw:" I met <UNK> on a cold , rainy January night . <EOS> "
ow:" I met a night in the the , , , cold cold . <EOS> "
tw:" We need every one of you to understand the secrets of domestic violence . <EOS> "
ow:" We need to understand about the secret of the local diet . <EOS> "
tw:" You have to fight for it every day . <EOS> "
ow:" And you have to stop peace for day day . <EOS> "
tw:" However , bit by bit , the euphoria of the elections , and of the revolution as a whole , was fading out -- for every day we were waking up to the news of violence . <EOS> "
ow:" However , a few a a , , , the of the revolution and revolution and -- -- -- -- -- -- -- before before we the to to . . . <EOS> "
tw:" And then we help them to go and find the knowledge , because nobody in the world can succeed alone . <EOS> "
ow:" And we &apos;re allowed to make sure for the , because , that &apos;t &apos;t by not by . . . <EOS> "
tw:" And he very clearly explained to me that emotional displays are very dangerous in a place like this , not just for me , but for them . <EOS> "
ow:" He explained that he was so strong that the that it is not , , , , , me , me , , me . <EOS> "
Val Blue: 0.08185986894901523
epoch 19 : 578m 14s (- 1831m 16s) (1000 23%) Loss: 2.7795
epoch 19 : 584m 59s (- 633m 50s) (2000 47%) Loss: 2.7877
epoch 19 : 591m 45s (- 230m 11s) (3000 71%) Loss: 2.7585
epoch 19 : 598m 30s (- 24m 59s) (4000 95%) Loss: 2.8139
epoch 19 : 599m 37s (- 0m 8s) (4166 99%) Loss: 2.7089
Computing VAL
Val loss: 4.917141455411911
tw:" But I &apos;m also happy and honored to be up here and I think that it &apos;s great that I got to come before 10 or 20 or 30 years had passed and I &apos;d had more agency in my career , because maybe then I wouldn &apos;t tell the story of how I got my first job , or maybe I wouldn &apos;t tell the story of how I paid for college , which seems so important right now . <EOS> "
ow:" But I &apos;m happy to to happy to and and , I I think that I , I , the years years years years years , , years , years , , years and , , and , , , I I I I I , , , , it , , . to <EOS> "
tw:" For the last 28 years , I &apos;ve been documenting indigenous cultures in more than 70 countries on six continents , and in 2009 I had the great honor of being the sole <UNK> at the Vancouver Peace Summit . <EOS> "
ow:" For the last year , I was documenting about the of of over gathered of the the the and and and and I I I believe the the the the the on on the of in in in . . . <EOS> "
Val Blue: 0.08461260864402426
